1595897879990	mozrunner::runner	INFO	Running command: "/usr/bin/firefox" "-marionette" "-foreground" "-no-remote" "-profile" "/tmp/rust_mozprofileJcn5us"

(firefox:15867): Gtk-WARNING **: 20:58:00.792: Theme directory status/scalable of theme Cupertino has no size field

1595897882242	Marionette	INFO	Listening on port 44723
1595897882297	Marionette	WARN	TLS certificate errors will be ignored for this session
1595897903464	Marionette	INFO	Stopped listening on port 44723
1595897940839	mozrunner::runner	INFO	Running command: "/usr/bin/firefox" "-marionette" "-foreground" "-no-remote" "-profile" "/tmp/rust_mozprofileA3gzir"

(firefox:16165): Gtk-WARNING **: 20:59:01.638: Theme directory status/scalable of theme Cupertino has no size field

1595897943106	Marionette	INFO	Listening on port 46215
1595897943147	Marionette	WARN	TLS certificate errors will be ignored for this session
1595897965278	Marionette	INFO	Stopped listening on port 46215
1595902442398	mozrunner::runner	INFO	Running command: "/usr/bin/firefox" "-marionette" "-foreground" "-no-remote" "-profile" "/tmp/rust_mozprofilekecE84"
1595902445183	Marionette	INFO	Listening on port 37563
1595902445207	Marionette	WARN	TLS certificate errors will be ignored for this session
JavaScript error: resource://gre/actors/AutoCompleteChild.jsm, line 196: Error: Invalid autocomplete selectedIndex
JavaScript error: resource://gre/actors/AutoCompleteChild.jsm, line 196: Error: Invalid autocomplete selectedIndex
JavaScript error: resource://gre/modules/LoginManagerChild.jsm, line 174: NS_ERROR_XPC_JAVASCRIPT_ERROR_WITH_DETAILS: [JavaScript Error: "Invalid autocomplete selectedIndex" {file: "resource://gre/actors/AutoCompleteChild.jsm" line: 196}]'[JavaScript Error: "Invalid autocomplete selectedIndex" {file: "resource://gre/actors/AutoCompleteChild.jsm" line: 196}]' when calling method: [nsIAutoCompletePopup::selectedIndex]
1595902461038	Marionette	INFO	Stopped listening on port 37563
1595902485898	mozrunner::runner	INFO	Running command: "/usr/bin/firefox" "-marionette" "-foreground" "-no-remote" "-profile" "/tmp/rust_mozprofileJzl6Pa"
1595902488352	Marionette	INFO	Listening on port 43573
1595902488434	Marionette	WARN	TLS certificate errors will be ignored for this session
JavaScript error: resource://gre/actors/AutoCompleteChild.jsm, line 196: Error: Invalid autocomplete selectedIndex
JavaScript error: resource://gre/actors/AutoCompleteChild.jsm, line 196: Error: Invalid autocomplete selectedIndex
JavaScript error: resource://gre/modules/LoginManagerChild.jsm, line 174: NS_ERROR_XPC_JAVASCRIPT_ERROR_WITH_DETAILS: [JavaScript Error: "Invalid autocomplete selectedIndex" {file: "resource://gre/actors/AutoCompleteChild.jsm" line: 196}]'[JavaScript Error: "Invalid autocomplete selectedIndex" {file: "resource://gre/actors/AutoCompleteChild.jsm" line: 196}]' when calling method: [nsIAutoCompletePopup::selectedIndex]
1596066892483	mozrunner::runner	INFO	Running command: "/usr/bin/firefox" "-marionette" "-foreground" "-no-remote" "-profile" "/tmp/rust_mozprofile18Q7hD"
1596066894981	Marionette	INFO	Listening on port 42967
1596066895002	Marionette	WARN	TLS certificate errors will be ignored for this session
1596066914536	mozrunner::runner	INFO	Running command: "/usr/bin/firefox" "-marionette" "-foreground" "-no-remote" "-profile" "/tmp/rust_mozprofilehBZtWv"
1596066915459	Marionette	INFO	Stopped listening on port 42967
1596066916985	Marionette	INFO	Listening on port 34263
1596066917044	Marionette	WARN	TLS certificate errors will be ignored for this session
console.error: "Store does not have a valid reducer. Make sure the argument passed to combineReducers is an object whose values are reducers."
Exiting due to channel error.
Exiting due to channel error.
Exiting due to channel error.
1596067310537	mozrunner::runner	INFO	Running command: "/usr/bin/firefox" "-marionette" "-foreground" "-no-remote" "-profile" "/tmp/rust_mozprofilePuHQcv"
1596067313109	Marionette	INFO	Listening on port 41895
1596067313144	Marionette	WARN	TLS certificate errors will be ignored for this session
1596067316308	Marionette	INFO	Stopped listening on port 41895
1596067363372	mozrunner::runner	INFO	Running command: "/usr/bin/firefox" "-marionette" "-foreground" "-no-remote" "-profile" "/tmp/rust_mozprofile2XOZvF"
1596067365819	Marionette	INFO	Listening on port 44937
1596067365879	Marionette	WARN	TLS certificate errors will be ignored for this session
1596067469026	mozrunner::runner	INFO	Running command: "/usr/bin/firefox" "-marionette" "-foreground" "-no-remote" "-profile" "/tmp/rust_mozprofileODZeEX"
1596067471607	Marionette	INFO	Listening on port 43091
1596067471635	Marionette	WARN	TLS certificate errors will be ignored for this session
1596067484303	Marionette	INFO	Stopped listening on port 43091
1596067488354	mozrunner::runner	INFO	Running command: "/usr/bin/firefox" "-marionette" "-foreground" "-no-remote" "-profile" "/tmp/rust_mozprofileYQS4K1"
1596067490815	Marionette	INFO	Listening on port 46277
1596067490862	Marionette	WARN	TLS certificate errors will be ignored for this session
1596067542148	mozrunner::runner	INFO	Running command: "/usr/bin/firefox" "-marionette" "-foreground" "-no-remote" "-profile" "/tmp/rust_mozprofileUjF2I1"
1596067544503	Marionette	INFO	Listening on port 36833
1596067544554	Marionette	WARN	TLS certificate errors will be ignored for this session
1596067547892	Marionette	INFO	Stopped listening on port 36833
1596067590914	mozrunner::runner	INFO	Running command: "/usr/bin/firefox" "-marionette" "-foreground" "-no-remote" "-profile" "/tmp/rust_mozprofilepHnfrB"
1596067593554	Marionette	INFO	Listening on port 34415
1596067593633	Marionette	WARN	TLS certificate errors will be ignored for this session
1596067604116	mozrunner::runner	INFO	Running command: "/usr/bin/firefox" "-marionette" "-foreground" "-no-remote" "-profile" "/tmp/rust_mozprofileiv2MIP"
1596067604735	Marionette	INFO	Stopped listening on port 34415
1596067606626	Marionette	INFO	Listening on port 42023
1596067606725	Marionette	WARN	TLS certificate errors will be ignored for this session
1596067609329	Marionette	INFO	Stopped listening on port 42023
1596067618675	mozrunner::runner	INFO	Running command: "/usr/bin/firefox" "-marionette" "-foreground" "-no-remote" "-profile" "/tmp/rust_mozprofileJqrvlJ"
1596067621179	Marionette	INFO	Listening on port 42599
1596067621197	Marionette	WARN	TLS certificate errors will be ignored for this session
1596067623168	Marionette	INFO	Stopped listening on port 42599
1596067634807	mozrunner::runner	INFO	Running command: "/usr/bin/firefox" "-marionette" "-foreground" "-no-remote" "-profile" "/tmp/rust_mozprofileVa0TK6"
1596067637427	Marionette	INFO	Listening on port 43223
1596067637516	Marionette	WARN	TLS certificate errors will be ignored for this session
JavaScript error: resource://gre/modules/NetworkGeolocationProvider.jsm, line 555: TypeError: xhr.response.location is undefined
1596067648844	Marionette	INFO	Stopped listening on port 46277
1596067650299	Marionette	INFO	Stopped listening on port 44937
1596067695366	mozrunner::runner	INFO	Running command: "/usr/bin/firefox" "-marionette" "-foreground" "-no-remote" "-profile" "/tmp/rust_mozprofilen3a67I"
1596067697772	Marionette	INFO	Listening on port 37287
1596067697877	Marionette	WARN	TLS certificate errors will be ignored for this session
1596067706913	Marionette	INFO	Stopped listening on port 37287
1596068182305	mozrunner::runner	INFO	Running command: "/usr/bin/firefox" "-marionette" "-foreground" "-no-remote" "-profile" "/tmp/rust_mozprofile86Ql7t"
1596068184727	Marionette	INFO	Listening on port 40555
1596068184812	Marionette	WARN	TLS certificate errors will be ignored for this session
1596068194942	Marionette	INFO	Stopped listening on port 43223
1596068195120	Marionette	INFO	Stopped listening on port 40555
1596068207185	mozrunner::runner	INFO	Running command: "/usr/bin/firefox" "-marionette" "-foreground" "-no-remote" "-profile" "/tmp/rust_mozprofilevHZoUK"
1596068209622	Marionette	INFO	Listening on port 38873
1596068209693	Marionette	WARN	TLS certificate errors will be ignored for this session
JavaScript error: resource://gre/modules/URIFixup.jsm, line 203: NS_ERROR_FAILURE: Should pass a non-null uri
JavaScript error: resource://gre/modules/NetworkGeolocationProvider.jsm, line 555: TypeError: xhr.response.location is undefined
1596068246754	mozrunner::runner	INFO	Running command: "/usr/bin/firefox" "-marionette" "-foreground" "-no-remote" "-profile" "/tmp/rust_mozprofileecT3jh"
1596068249211	Marionette	INFO	Listening on port 35193
1596068249261	Marionette	WARN	TLS certificate errors will be ignored for this session
1596068260606	Marionette	INFO	Stopped listening on port 38873
1596068260623	Marionette	INFO	Stopped listening on port 35193
1596068271202	mozrunner::runner	INFO	Running command: "/usr/bin/firefox" "-marionette" "-foreground" "-no-remote" "-profile" "/tmp/rust_mozprofile6t7IUu"
1596068273693	Marionette	INFO	Listening on port 32807
1596068273712	Marionette	WARN	TLS certificate errors will be ignored for this session
console.warn: services.settings: main/messaging-experiments sync interrupted by shutdown
console.warn: services.settings: main/fxmonitor-breaches sync interrupted by shutdown
1596068278744	Marionette	INFO	Stopped listening on port 32807
1596068294655	mozrunner::runner	INFO	Running command: "/usr/bin/firefox" "-marionette" "-foreground" "-no-remote" "-profile" "/tmp/rust_mozprofilelg0Jwn"
1596068297205	Marionette	INFO	Listening on port 43331
1596068297263	Marionette	WARN	TLS certificate errors will be ignored for this session
JavaScript error: resource://gre/modules/URIFixup.jsm, line 203: NS_ERROR_FAILURE: Should pass a non-null uri
1596068350191	mozrunner::runner	INFO	Running command: "/usr/bin/firefox" "-marionette" "-foreground" "-no-remote" "-profile" "/tmp/rust_mozprofiletulA1J"
1596068352681	Marionette	INFO	Listening on port 32775
1596068352710	Marionette	WARN	TLS certificate errors will be ignored for this session
JavaScript error: resource://gre/modules/URIFixup.jsm, line 203: NS_ERROR_FAILURE: Should pass a non-null uri
1596068380072	mozrunner::runner	INFO	Running command: "/usr/bin/firefox" "-marionette" "-foreground" "-no-remote" "-profile" "/tmp/rust_mozprofilezffC05"
1596068382637	Marionette	INFO	Listening on port 45447
1596068382680	Marionette	WARN	TLS certificate errors will be ignored for this session
JavaScript error: resource://gre/modules/URIFixup.jsm, line 203: NS_ERROR_FAILURE: Should pass a non-null uri
JavaScript error: resource://gre/modules/NetworkGeolocationProvider.jsm, line 555: TypeError: xhr.response.location is undefined
1596068410476	mozrunner::runner	INFO	Running command: "/usr/bin/firefox" "-marionette" "-foreground" "-no-remote" "-profile" "/tmp/rust_mozprofileVLe3Zc"
1596068412972	Marionette	INFO	Listening on port 44593
1596068412991	Marionette	WARN	TLS certificate errors will be ignored for this session
JavaScript error: resource://gre/modules/URIFixup.jsm, line 203: NS_ERROR_FAILURE: Should pass a non-null uri
1596068435815	mozrunner::runner	INFO	Running command: "/usr/bin/firefox" "-marionette" "-foreground" "-no-remote" "-profile" "/tmp/rust_mozprofileGin8Ny"
1596068438173	Marionette	INFO	Listening on port 45241
1596068438221	Marionette	WARN	TLS certificate errors will be ignored for this session
JavaScript error: resource://gre/modules/URIFixup.jsm, line 203: NS_ERROR_FAILURE: Should pass a non-null uri
1596068446027	Marionette	INFO	Stopped listening on port 45447
1596068446523	Marionette	INFO	Stopped listening on port 44593
1596068446644	Marionette	INFO	Stopped listening on port 32775
1596068446808	Marionette	INFO	Stopped listening on port 45241
1596068447194	Marionette	INFO	Stopped listening on port 43331
1596068458470	mozrunner::runner	INFO	Running command: "/usr/bin/firefox" "-marionette" "-foreground" "-no-remote" "-profile" "/tmp/rust_mozprofilehYSuHs"
1596068461065	Marionette	INFO	Listening on port 38783
1596068461085	Marionette	WARN	TLS certificate errors will be ignored for this session
JavaScript error: resource://gre/modules/URIFixup.jsm, line 203: NS_ERROR_FAILURE: Should pass a non-null uri
1596068491683	mozrunner::runner	INFO	Running command: "/usr/bin/firefox" "-marionette" "-foreground" "-no-remote" "-profile" "/tmp/rust_mozprofileV1AWiq"
1596068494214	Marionette	INFO	Listening on port 45211
1596068494292	Marionette	WARN	TLS certificate errors will be ignored for this session
1596068547883	mozrunner::runner	INFO	Running command: "/usr/bin/firefox" "-marionette" "-foreground" "-no-remote" "-profile" "/tmp/rust_mozprofiledER7Eo"
1596068551054	Marionette	INFO	Listening on port 35501
1596068551094	Marionette	WARN	TLS certificate errors will be ignored for this session
JavaScript error: resource://gre/modules/URIFixup.jsm, line 203: NS_ERROR_FAILURE: Should pass a non-null uri
1596068590144	mozrunner::runner	INFO	Running command: "/usr/bin/firefox" "-marionette" "-foreground" "-no-remote" "-profile" "/tmp/rust_mozprofileoKfrMF"
1596068593320	Marionette	INFO	Listening on port 39439
1596068593356	Marionette	WARN	TLS certificate errors will be ignored for this session
JavaScript error: resource://gre/modules/URIFixup.jsm, line 203: NS_ERROR_FAILURE: Should pass a non-null uri
JavaScript error: resource://gre/modules/NetworkGeolocationProvider.jsm, line 555: TypeError: xhr.response.location is undefined
1596068637438	mozrunner::runner	INFO	Running command: "/usr/bin/firefox" "-marionette" "-foreground" "-no-remote" "-profile" "/tmp/rust_mozprofilewinH5e"
1596068640443	Marionette	INFO	Listening on port 40067
1596068640454	Marionette	WARN	TLS certificate errors will be ignored for this session
1596068654144	Marionette	INFO	Stopped listening on port 40067
1596068663915	mozrunner::runner	INFO	Running command: "/usr/bin/firefox" "-marionette" "-foreground" "-no-remote" "-profile" "/tmp/rust_mozprofilewe5Gfz"
1596068666899	Marionette	INFO	Listening on port 41483
1596068666926	Marionette	WARN	TLS certificate errors will be ignored for this session
JavaScript error: resource://gre/modules/URIFixup.jsm, line 203: NS_ERROR_FAILURE: Should pass a non-null uri
JavaScript error: resource://gre/modules/NetworkGeolocationProvider.jsm, line 555: TypeError: xhr.response.location is undefined
1596068835930	mozrunner::runner	INFO	Running command: "/usr/bin/firefox" "-marionette" "-foreground" "-no-remote" "-profile" "/tmp/rust_mozprofileC4eHDw"
1596068838990	Marionette	INFO	Listening on port 33673
1596068839038	Marionette	WARN	TLS certificate errors will be ignored for this session
console.error: services.settings: 
  Message: TypeError: NetworkError when attempting to fetch resource.
1596069171302	Marionette	INFO	Stopped listening on port 33673
1596069448447	Marionette	INFO	Stopped listening on port 41483
1596069449850	Marionette	INFO	Stopped listening on port 39439
1596069451501	Marionette	INFO	Stopped listening on port 35501
1596069452951	Marionette	INFO	Stopped listening on port 45211
1596069454925	Marionette	INFO	Stopped listening on port 38783
1596241676832	mozrunner::runner	INFO	Running command: "/usr/bin/firefox" "-marionette" "-foreground" "-no-remote" "-profile" "/tmp/rust_mozprofilerQOKnA"
1596241679446	Marionette	INFO	Listening on port 45495
1596241679565	Marionette	WARN	TLS certificate errors will be ignored for this session
1596241699290	mozrunner::runner	INFO	Running command: "/usr/bin/firefox" "-marionette" "-foreground" "-no-remote" "-profile" "/tmp/rust_mozprofileblA5jR"
1596241701720	Marionette	INFO	Listening on port 43133
1596241701808	Marionette	WARN	TLS certificate errors will be ignored for this session
Exiting due to channel error.
Exiting due to channel error.
Exiting due to channel error.
1596241885215	mozrunner::runner	INFO	Running command: "/usr/bin/firefox" "-marionette" "-foreground" "-no-remote" "-profile" "/tmp/rust_mozprofileDMGO0Z"
1596241887561	Marionette	INFO	Listening on port 46219
1596241887632	Marionette	WARN	TLS certificate errors will be ignored for this session
1596241894418	Marionette	INFO	Stopped listening on port 46219

###!!! [Child][MessageChannel] Error: (msgtype=0x380131,name=PContent::Msg_ScriptError) Channel closing: too late to send/recv, messages will be lost


###!!! [Child][MessageChannel] Error: (msgtype=0x380131,name=PContent::Msg_ScriptError) Channel closing: too late to send/recv, messages will be lost


###!!! [Child][MessageChannel] Error: (msgtype=0x380131,name=PContent::Msg_ScriptError) Channel closing: too late to send/recv, messages will be lost


###!!! [Child][MessageChannel] Error: (msgtype=0x380131,name=PContent::Msg_ScriptError) Channel closing: too late to send/recv, messages will be lost


###!!! [Child][MessageChannel] Error: (msgtype=0x380131,name=PContent::Msg_ScriptError) Channel closing: too late to send/recv, messages will be lost


###!!! [Child][MessageChannel] Error: (msgtype=0x380131,name=PContent::Msg_ScriptError) Channel closing: too late to send/recv, messages will be lost

1596241947571	Marionette	INFO	Stopped listening on port 45495
1596241969608	mozrunner::runner	INFO	Running command: "/usr/bin/firefox" "-marionette" "-foreground" "-no-remote" "-profile" "/tmp/rust_mozprofile3ltfZd"
1596241971836	Marionette	INFO	Listening on port 35511
1596241971917	Marionette	WARN	TLS certificate errors will be ignored for this session
1596242045016	Marionette	INFO	Stopped listening on port 35511
1596242049776	mozrunner::runner	INFO	Running command: "/usr/bin/firefox" "-marionette" "-foreground" "-no-remote" "-profile" "/tmp/rust_mozprofilejF4xir"
1596242052143	Marionette	INFO	Listening on port 41967
1596242052182	Marionette	WARN	TLS certificate errors will be ignored for this session
1596242110057	mozrunner::runner	INFO	Running command: "/usr/bin/firefox" "-marionette" "-foreground" "-no-remote" "-profile" "/tmp/rust_mozprofile5RvO1M"
1596242112411	Marionette	INFO	Listening on port 41453
1596242112463	Marionette	WARN	TLS certificate errors will be ignored for this session
1596242118606	Marionette	INFO	Stopped listening on port 41453
JavaScript error: https://www.googletagmanager.com/gtm.js?id=GTM-TPLHFW, line 108: uncaught exception: [object Object]
1596242136901	mozrunner::runner	INFO	Running command: "/usr/bin/firefox" "-marionette" "-foreground" "-no-remote" "-profile" "/tmp/rust_mozprofileUEdOLT"
1596242139158	Marionette	INFO	Listening on port 37851
1596242139212	Marionette	WARN	TLS certificate errors will be ignored for this session
1596242148544	Marionette	INFO	Stopped listening on port 37851
1596242162971	mozrunner::runner	INFO	Running command: "/usr/bin/firefox" "-marionette" "-foreground" "-no-remote" "-profile" "/tmp/rust_mozprofileWJHZO9"
1596242165186	Marionette	INFO	Listening on port 36373
1596242165323	Marionette	WARN	TLS certificate errors will be ignored for this session
JavaScript error: resource://gre/modules/URIFixup.jsm, line 203: NS_ERROR_FAILURE: Should pass a non-null uri
JavaScript error: resource://gre/modules/NetworkGeolocationProvider.jsm, line 555: TypeError: xhr.response.location is undefined
1596242224668	Marionette	INFO	Stopped listening on port 41967
1596918838881	mozrunner::runner	INFO	Running command: "/usr/bin/firefox" "-marionette" "-foreground" "-no-remote" "-profile" "/tmp/rust_mozprofileEMQMA5"
1596918841582	Marionette	INFO	Listening on port 41677
1596918841599	Marionette	WARN	TLS certificate errors will be ignored for this session
1596918886165	mozrunner::runner	INFO	Running command: "/usr/bin/firefox" "-marionette" "-foreground" "-no-remote" "-profile" "/tmp/rust_mozprofileNaaeTs"
1596918888523	Marionette	INFO	Listening on port 39815
1596918888572	Marionette	WARN	TLS certificate errors will be ignored for this session
1596918977994	Marionette	INFO	Stopped listening on port 41677
1596919025845	mozrunner::runner	INFO	Running command: "/usr/bin/firefox" "-marionette" "-foreground" "-no-remote" "-profile" "/tmp/rust_mozprofileBOkqvj"
1596919028282	Marionette	INFO	Listening on port 45243
1596919028353	Marionette	WARN	TLS certificate errors will be ignored for this session
1596919059266	mozrunner::runner	INFO	Running command: "/usr/bin/firefox" "-marionette" "-foreground" "-no-remote" "-profile" "/tmp/rust_mozprofile23ubzU"
1596919061480	Marionette	INFO	Listening on port 36619
1596919061577	Marionette	WARN	TLS certificate errors will be ignored for this session
1596919130135	mozrunner::runner	INFO	Running command: "/usr/bin/firefox" "-marionette" "-foreground" "-no-remote" "-profile" "/tmp/rust_mozprofilekozL9g"
1596919132617	Marionette	INFO	Listening on port 42065
1596919132650	Marionette	WARN	TLS certificate errors will be ignored for this session
1596919219351	Marionette	INFO	Stopped listening on port 42065
1596919318017	Marionette	INFO	Stopped listening on port 36619
1596919555124	Marionette	INFO	Stopped listening on port 45243
1598486611567	mozrunner::runner	INFO	Running command: "/usr/bin/firefox" "-marionette" "-foreground" "-no-remote" "-profile" "/tmp/rust_mozprofileYVmJG3"
1598486614222	Marionette	INFO	Listening on port 43279
1598486614276	Marionette	WARN	TLS certificate errors will be ignored for this session
1598486633385	Marionette	INFO	Stopped listening on port 43279
1598486844428	mozrunner::runner	INFO	Running command: "/usr/bin/firefox" "-marionette" "-foreground" "-no-remote" "-profile" "/tmp/rust_mozprofilekWyVG8"
1598486846730	Marionette	INFO	Listening on port 43365
1598486846766	Marionette	WARN	TLS certificate errors will be ignored for this session
1598486923551	mozrunner::runner	INFO	Running command: "/usr/bin/firefox" "-marionette" "-foreground" "-no-remote" "-profile" "/tmp/rust_mozprofileqKvYOh"
1598486925807	Marionette	INFO	Listening on port 42151
1598486925858	Marionette	WARN	TLS certificate errors will be ignored for this session
Exiting due to channel error.
Exiting due to channel error.
Exiting due to channel error.
1598487316815	mozrunner::runner	INFO	Running command: "/usr/bin/firefox" "-marionette" "-foreground" "-no-remote" "-profile" "/tmp/rust_mozprofilePTSrSw"
1598487319265	Marionette	INFO	Listening on port 38583
1598487319336	Marionette	WARN	TLS certificate errors will be ignored for this session
1598487349176	Marionette	INFO	Stopped listening on port 38583
1598487349611	mozrunner::runner	INFO	Running command: "/usr/bin/firefox" "-marionette" "-foreground" "-no-remote" "-profile" "/tmp/rust_mozprofile9wNPkv"
1598487352097	Marionette	INFO	Listening on port 38823
1598487352138	Marionette	WARN	TLS certificate errors will be ignored for this session
1598487374113	Marionette	INFO	Stopped listening on port 38823
1598487414013	mozrunner::runner	INFO	Running command: "/usr/bin/firefox" "-marionette" "-foreground" "-no-remote" "-profile" "/tmp/rust_mozprofileU5PXRs"
1598487416491	Marionette	INFO	Listening on port 42559
1598487416522	Marionette	WARN	TLS certificate errors will be ignored for this session
JavaScript error: , line 0: uncaught exception: undefined
JavaScript error: , line 0: uncaught exception: undefined
JavaScript error: , line 0: uncaught exception: undefined
1598487426231	Marionette	INFO	Stopped listening on port 42559
1598487510842	Marionette	INFO	Stopped listening on port 43365
1601326180572	mozrunner::runner	INFO	Running command: "/usr/bin/firefox" "-marionette" "-foreground" "-no-remote" "-profile" "/tmp/rust_mozprofileKXMr7Y"
1601326183704	Marionette	INFO	Listening on port 37705
1601326183795	Marionette	WARN	TLS certificate errors will be ignored for this session
1601326236022	mozrunner::runner	INFO	Running command: "/usr/bin/firefox" "-marionette" "-foreground" "-no-remote" "-profile" "/tmp/rust_mozprofileS2hi1h"
1601326238919	Marionette	INFO	Listening on port 44153
1601326238952	Marionette	WARN	TLS certificate errors will be ignored for this session
1601326285533	Marionette	INFO	Stopped listening on port 44153
1601326296685	mozrunner::runner	INFO	Running command: "/usr/bin/firefox" "-marionette" "-foreground" "-no-remote" "-profile" "/tmp/rust_mozprofileMRZlY1"
1601326299604	Marionette	INFO	Listening on port 42641
1601326299693	Marionette	WARN	TLS certificate errors will be ignored for this session
1601326376871	mozrunner::runner	INFO	Running command: "/usr/bin/firefox" "-marionette" "-foreground" "-no-remote" "-profile" "/tmp/rust_mozprofileMMAXB1"
1601326379709	Marionette	INFO	Listening on port 44803
1601326379780	Marionette	WARN	TLS certificate errors will be ignored for this session
Exiting due to channel error.
Exiting due to channel error.
Exiting due to channel error.
1601326413680	mozrunner::runner	INFO	Running command: "/usr/bin/firefox" "-marionette" "-foreground" "-no-remote" "-profile" "/tmp/rust_mozprofilemSaRTh"
1601326416603	Marionette	INFO	Listening on port 34745
1601326416694	Marionette	WARN	TLS certificate errors will be ignored for this session
JavaScript error: , line 0: uncaught exception: undefined
JavaScript error: , line 0: uncaught exception: undefined
JavaScript error: , line 0: uncaught exception: undefined
JavaScript error: , line 0: uncaught exception: undefined
1601326448348	Marionette	INFO	Stopped listening on port 34745
1601326448382	mozrunner::runner	INFO	Running command: "/usr/bin/firefox" "-marionette" "-foreground" "-no-remote" "-profile" "/tmp/rust_mozprofileCGjv34"
1601326451341	Marionette	INFO	Listening on port 40321
1601326451398	Marionette	WARN	TLS certificate errors will be ignored for this session
1601326476228	mozrunner::runner	INFO	Running command: "/usr/bin/firefox" "-marionette" "-foreground" "-no-remote" "-profile" "/tmp/rust_mozprofile7MJPHZ"
1601326479272	Marionette	INFO	Listening on port 36777
1601326479337	Marionette	WARN	TLS certificate errors will be ignored for this session
1601326492906	Marionette	INFO	Stopped listening on port 36777
1601326505937	Marionette	INFO	Stopped listening on port 40321
1601326506766	Marionette	INFO	Stopped listening on port 37705
1601326547237	mozrunner::runner	INFO	Running command: "/usr/bin/firefox" "-marionette" "-foreground" "-no-remote" "-profile" "/tmp/rust_mozprofilex7XRq0"
1601326550023	Marionette	INFO	Listening on port 41523
1601326550056	Marionette	WARN	TLS certificate errors will be ignored for this session
1601326568548	mozrunner::runner	INFO	Running command: "/usr/bin/firefox" "-marionette" "-foreground" "-no-remote" "-profile" "/tmp/rust_mozprofileRMGtRL"
1601326571367	Marionette	INFO	Listening on port 46339
1601326571467	Marionette	WARN	TLS certificate errors will be ignored for this session
1601326579260	Marionette	INFO	Stopped listening on port 41523
JavaScript error: , line 0: uncaught exception: undefined
JavaScript error: , line 0: uncaught exception: undefined
JavaScript error: , line 0: uncaught exception: undefined
JavaScript error: , line 0: uncaught exception: undefined
1601326585891	Marionette	INFO	Stopped listening on port 46339
1601326600787	mozrunner::runner	INFO	Running command: "/usr/bin/firefox" "-marionette" "-foreground" "-no-remote" "-profile" "/tmp/rust_mozprofilewEm4KI"
1601326603648	Marionette	INFO	Listening on port 40005
1601326603696	Marionette	WARN	TLS certificate errors will be ignored for this session
1601326672562	mozrunner::runner	INFO	Running command: "/usr/bin/firefox" "-marionette" "-foreground" "-no-remote" "-profile" "/tmp/rust_mozprofileP2k2ft"
1601326675462	Marionette	INFO	Listening on port 45767
1601326675479	Marionette	WARN	TLS certificate errors will be ignored for this session
1601326686942	mozrunner::runner	INFO	Running command: "/usr/bin/firefox" "-marionette" "-foreground" "-no-remote" "-profile" "/tmp/rust_mozprofile5CySmj"
1601326689894	Marionette	INFO	Listening on port 40813
1601326689952	Marionette	WARN	TLS certificate errors will be ignored for this session
Exiting due to channel error.
Exiting due to channel error.
Exiting due to channel error.
1601326857264	mozrunner::runner	INFO	Running command: "/usr/bin/firefox" "-marionette" "-foreground" "-no-remote" "-profile" "/tmp/rust_mozprofileN2Aykh"
1601326860299	Marionette	INFO	Listening on port 34771
1601326860380	Marionette	WARN	TLS certificate errors will be ignored for this session
1601326897298	Marionette	INFO	Stopped listening on port 34771
JavaScript error: chrome://browser/content/browser-customization.js, line 172: NS_ERROR_NOT_INITIALIZED: 
1601326947584	Marionette	INFO	Stopped listening on port 45767
